<?xml version="1.0" encoding="UTF-8"?>
<testsuite name="com.kahyalar.fob_solutions.tests.TestCases" time="85.257" tests="3" errors="0" skipped="0" failures="1">
  <properties>
[...]
</properties>
  <testcase name="isCalendarRedirectsToEvent" classname="com.kahyalar.fob_solutions.tests.TestCases" time="27.056">
    <failure message="Button&apos;s checked value should be false at this moment!" type="java.lang.AssertionError">java.lang.AssertionError: Button's checked value should be false at this moment!
	at org.junit.Assert.fail(Assert.java:88)
	at org.junit.Assert.assertTrue(Assert.java:41)
	at com.kahyalar.fob_solutions.pages.MainPage.clickToEventDate(MainPage.java:54)
	at com.kahyalar.fob_solutions.tests.TestCases.isCalendarRedirectsToEvent(TestCases.java:45)
</failure>
    <system-out><![CDATA[[Appium] Welcome to Appium v1.7.1
[Appium] Appium REST http interface listener started on 0.0.0.0:4723
[HTTP] --> GET /wd/hub/status {}
[debug] [MJSONWP] Calling AppiumDriver.getStatus() with args: []
[debug] [MJSONWP] Responding to client with driver.getStatus() result: {"build":{"version":"1.7.1","revision":null}}
[HTTP] <-- GET /wd/hub/status 200 14 ms - 83 
[HTTP] --> POST /wd/hub/session {"desiredCapabilities":{"appPackage":"ee.taltech.android","appActivity":"ee.taltech.android.activities.StartActivity_","platformVersion":"8.0","automationName":"UiAutomator2","udid":"192.168.58.101:5555","platformName":"Android","deviceName":"device","platform":"ANDROID"}}
[debug] [MJSONWP] Calling AppiumDriver.createSession() with args: [{"appPackage":"ee.taltech.android","appActivity":"ee.taltech.android.activities.StartActivity_","platformVersion":"8.0","automationName":"UiAutomator2","udid":"192.168.58.101:5555","platformName":"Android","deviceName":"device","platform":"ANDROID"},null,null]
[debug] [BaseDriver] Event 'newSessionRequested' logged at 1538648447467 (13:20:47 GMT+0300 (+03))
[Appium] Creating new AndroidUiautomator2Driver (v0.6.5) session
[Appium] Capabilities:
[Appium]   appPackage: 'ee.taltech.android'
[Appium]   appActivity: 'ee.taltech.android.activities.StartActivity_'
[Appium]   platformVersion: '8.0'
[Appium]   automationName: 'UiAutomator2'
[Appium]   udid: '192.168.58.101:5555'
[Appium]   platformName: 'Android'
[Appium]   deviceName: 'device'
[Appium]   platform: 'ANDROID'
[BaseDriver] The following capabilities were provided, but are not recognized by appium: platform.
[BaseDriver] Session created with session id: b49e7a73-1ad5-4046-92a5-cabad692097e
[debug] [AndroidDriver] Getting Java version
[AndroidDriver] Java version is: 1.8.0_112
[ADB] Checking whether adb is present
[ADB] Using adb from /Users/kahyalar/Library/Android/sdk/platform-tools/adb
[AndroidDriver] Retrieving device list
[debug] [ADB] Trying to find a connected android device
[debug] [ADB] Getting connected devices...
[debug] [ADB] 1 device(s) connected
[AndroidDriver] Using device: 192.168.58.101:5555
[ADB] Checking whether adb is present
[ADB] Using adb from /Users/kahyalar/Library/Android/sdk/platform-tools/adb
[debug] [ADB] Setting device id to 192.168.58.101:5555
[AndroidDriver] No app sent in, not parsing package/activity
[ADB] Getting device platform version
[debug] [ADB] Getting connected devices...
[debug] [ADB] 1 device(s) connected
[debug] [ADB] Running '/Users/kahyalar/Library/Android/sdk/platform-tools/adb' with args: ["-P",5037,"-s","192.168.58.101:5555","shell","getprop","ro.build.version.release"]
[debug] [ADB] Current device property 'ro.build.version.release': 8.0.0
[debug] [ADB] Getting connected devices...
[debug] [ADB] 1 device(s) connected
[debug] [ADB] Running '/Users/kahyalar/Library/Android/sdk/platform-tools/adb' with args: ["-P",5037,"-s","192.168.58.101:5555","shell","wm","size"]
[debug] [ADB] Getting connected devices...
[debug] [ADB] 1 device(s) connected
[debug] [ADB] Running '/Users/kahyalar/Library/Android/sdk/platform-tools/adb' with args: ["-P",5037,"-s","192.168.58.101:5555","shell","getprop","ro.product.model"]
[debug] [ADB] Current device property 'ro.product.model': Google Pixel 2 XL - 8.0 - API 26 - 1440x2880
[debug] [ADB] Getting connected devices...
[debug] [ADB] 1 device(s) connected
[debug] [ADB] Running '/Users/kahyalar/Library/Android/sdk/platform-tools/adb' with args: ["-P",5037,"-s","192.168.58.101:5555","shell","getprop","ro.product.manufacturer"]
[debug] [ADB] Current device property 'ro.product.manufacturer': Genymotion
[debug] [ADB] Getting connected devices...
[debug] [ADB] 1 device(s) connected
[debug] [ADB] Running '/Users/kahyalar/Library/Android/sdk/platform-tools/adb' with args: ["-P",5037,"-s","192.168.58.101:5555","shell","am","force-stop","io.appium.uiautomator2.server"]
[ADB] Checking whether aapt is present
[ADB] Using aapt from /Users/kahyalar/Library/Android/sdk/build-tools/24.0.3/aapt
[debug] [ADB] Getting install status for io.appium.uiautomator2.server
[debug] [ADB] Getting connected devices...
[debug] [ADB] 1 device(s) connected
[debug] [ADB] Running '/Users/kahyalar/Library/Android/sdk/platform-tools/adb' with args: ["-P",5037,"-s","192.168.58.101:5555","shell","pm","list","packages","io.appium.uiautomator2.server"]
[debug] [ADB] App is installed
[debug] [ADB] Getting install status for io.appium.uiautomator2.server.test
[debug] [ADB] Getting connected devices...
[debug] [ADB] 1 device(s) connected
[debug] [ADB] Running '/Users/kahyalar/Library/Android/sdk/platform-tools/adb' with args: ["-P",5037,"-s","192.168.58.101:5555","shell","pm","list","packages","io.appium.uiautomator2.server.test"]
[debug] [ADB] App is installed
[debug] [ADB] Getting package info for io.appium.uiautomator2.server
[debug] [ADB] Getting connected devices...
[debug] [ADB] 1 device(s) connected
[debug] [ADB] Running '/Users/kahyalar/Library/Android/sdk/platform-tools/adb' with args: ["-P",5037,"-s","192.168.58.101:5555","shell","dumpsys","package","io.appium.uiautomator2.server"]
[debug] [UiAutomator2] Waiting up to 20000ms for instrumentation 'io.appium.uiautomator2.server.test/android.support.test.runner.AndroidJUnitRunner' to be available
[debug] [ADB] Getting connected devices...
[debug] [ADB] 1 device(s) connected
[debug] [ADB] Running '/Users/kahyalar/Library/Android/sdk/platform-tools/adb' with args: ["-P",5037,"-s","192.168.58.101:5555","shell","pm","list","instrumentation"]
[debug] [UiAutomator2] Instrumentation 'io.appium.uiautomator2.server.test/android.support.test.runner.AndroidJUnitRunner' available
[debug] [ADB] Running '/Users/kahyalar/Library/Android/sdk/platform-tools/adb' with args: ["-P",5037,"-s","192.168.58.101:5555","wait-for-device"]
[debug] [ADB] Getting connected devices...
[debug] [ADB] 1 device(s) connected
[debug] [ADB] Running '/Users/kahyalar/Library/Android/sdk/platform-tools/adb' with args: ["-P",5037,"-s","192.168.58.101:5555","shell","echo","ping"]
[debug] [Logcat] Starting logcat capture
[debug] [AndroidDriver] Pushing settings apk to device...
[debug] [ADB] Uninstalling and re-installing 'io.appium.settings'
[debug] [ADB] Uninstalling io.appium.settings
[debug] [ADB] Getting install status for io.appium.settings
[debug] [ADB] Getting connected devices...
[debug] [ADB] 1 device(s) connected
[debug] [ADB] Running '/Users/kahyalar/Library/Android/sdk/platform-tools/adb' with args: ["-P",5037,"-s","192.168.58.101:5555","shell","pm","list","packages","io.appium.settings"]
[debug] [ADB] App is installed
[debug] [ADB] Getting connected devices...
[debug] [ADB] 1 device(s) connected
[debug] [ADB] Running '/Users/kahyalar/Library/Android/sdk/platform-tools/adb' with args: ["-P",5037,"-s","192.168.58.101:5555","shell","am","force-stop","io.appium.settings"]
[debug] [ADB] Running '/Users/kahyalar/Library/Android/sdk/platform-tools/adb' with args: ["-P",5037,"-s","192.168.58.101:5555","uninstall","io.appium.settings"]
[debug] [ADB] ADB command output: Success
[ADB] io.appium.settings was successfully uninstalled
[debug] [ADB] Getting install status for io.appium.settings
[debug] [ADB] Getting connected devices...
[debug] [ADB] 1 device(s) connected
[debug] [ADB] Running '/Users/kahyalar/Library/Android/sdk/platform-tools/adb' with args: ["-P",5037,"-s","192.168.58.101:5555","shell","pm","list","packages","io.appium.settings"]
[debug] [ADB] App is not installed
[debug] [ADB] App '/usr/local/lib/node_modules/appium/node_modules/io.appium.settings/app/build/outputs/apk/settings_apk-debug.apk' not installed. Installing
[debug] [ADB] Running '/Users/kahyalar/Library/Android/sdk/platform-tools/adb' with args: ["-P",5037,"-s","192.168.58.101:5555","install","/usr/local/lib/node_modules/appium/node_modules/io.appium.settings/app/build/outputs/apk/settings_apk-debug.apk"]
[debug] [ADB] Getting connected devices...
[debug] [ADB] 1 device(s) connected
[debug] [ADB] Running '/Users/kahyalar/Library/Android/sdk/platform-tools/adb' with args: ["-P",5037,"-s","192.168.58.101:5555","shell","getprop","ro.build.version.sdk"]
[debug] [ADB] Current device property 'ro.build.version.sdk': 26
[debug] [ADB] Device API level: 26
[debug] [ADB] Getting connected devices...
[debug] [ADB] 1 device(s) connected
[debug] [ADB] Running '/Users/kahyalar/Library/Android/sdk/platform-tools/adb' with args: ["-P",5037,"-s","192.168.58.101:5555","shell","dumpsys","package","io.appium.settings"]
[debug] [ADB] Getting connected devices...
[debug] [ADB] 1 device(s) connected
[debug] [ADB] Running '/Users/kahyalar/Library/Android/sdk/platform-tools/adb' with args: ["-P",5037,"-s","192.168.58.101:5555","shell","pm","dump","io.appium.settings"]
[debug] [ADB] Got the following command chunks to execute: pm,grant,io.appium.settings,android.permission.READ_PHONE_STATE,;,pm,grant,io.appium.settings,android.permission.WRITE_SETTINGS,;,pm,grant,io.appium.settings,android.permission.ACCESS_FINE_LOCATION,;,pm,grant,io.appium.settings,android.permission.ACCESS_COARSE_LOCATION,;,pm,grant,io.appium.settings,android.permission.ACCESS_MOCK_LOCATION,;,pm,grant,io.appium.settings,android.permission.SET_ANIMATION_SCALE,;
[debug] [ADB] Getting connected devices...
[debug] [ADB] 1 device(s) connected
[debug] [ADB] Running '/Users/kahyalar/Library/Android/sdk/platform-tools/adb' with args: ["-P",5037,"-s","192.168.58.101:5555","shell","pm","grant","io.appium.settings","android.permission.READ_PHONE_STATE",";","pm","grant","io.appium.settings","android.permission.WRITE_SETTINGS",";","pm","grant","io.appium.settings","android.permission.ACCESS_FINE_LOCATION",";","pm","grant","io.appium.settings","android.permission.ACCESS_COARSE_LOCATION",";","pm","grant","io.appium.settings","android.permission.ACCESS_MOCK_LOCATION",";","pm","grant","io.appium.settings","android.permission.SET_ANIMATION_SCALE",";"]
[debug] [ADB] Getting connected devices...
[debug] [ADB] 1 device(s) connected
[debug] [ADB] Running '/Users/kahyalar/Library/Android/sdk/platform-tools/adb' with args: ["-P",5037,"-s","192.168.58.101:5555","shell","ps"]
[debug] [ADB] Device API level: 26
[debug] [ADB] Getting connected devices...
[debug] [ADB] 1 device(s) connected
[debug] [ADB] Running '/Users/kahyalar/Library/Android/sdk/platform-tools/adb' with args: ["-P",5037,"-s","192.168.58.101:5555","shell","am","start","-W","-n","io.appium.settings/.Settings","-a","android.intent.action.MAIN","-c","android.intent.category.LAUNCHER","-f","0x10200000"]
[debug] [ADB] Device API level: 26
[debug] [ADB] Getting connected devices...
[debug] [ADB] 1 device(s) connected
[debug] [ADB] Running '/Users/kahyalar/Library/Android/sdk/platform-tools/adb' with args: ["-P",5037,"-s","192.168.58.101:5555","shell","appops","set","io.appium.settings","android:mock_location","allow"]
[debug] [AndroidDriver] Pushing unlock helper app to device...
[debug] [ADB] Running '/Users/kahyalar/Library/Android/sdk/platform-tools/adb' with args: ["-P",5037,"-s","192.168.58.101:5555","install","/usr/local/lib/node_modules/appium/node_modules/appium-unlock/bin/unlock_apk-debug.apk"]
[debug] [ADB] Running '/Users/kahyalar/Library/Android/sdk/platform-tools/adb' with args: ["-P",5037,"-s","192.168.58.101:5555","install","/usr/local/lib/node_modules/appium/node_modules/appium-unlock/bin/unlock_apk-debug.apk"]
[debug] [ADB] Application '/usr/local/lib/node_modules/appium/node_modules/appium-unlock/bin/unlock_apk-debug.apk' already installed. Continuing.
[debug] [UiAutomator2] Forwarding UiAutomator2 Server port 6790 to 8200
[debug] [ADB] Forwarding system: 8200 to device: 6790
[debug] [ADB] Running '/Users/kahyalar/Library/Android/sdk/platform-tools/adb' with args: ["-P",5037,"-s","192.168.58.101:5555","forward","tcp:8200","tcp:6790"]
[debug] [ADB] Getting connected devices...
[debug] [ADB] 1 device(s) connected
[debug] [ADB] Running '/Users/kahyalar/Library/Android/sdk/platform-tools/adb' with args: ["-P",5037,"-s","192.168.58.101:5555","shell","dumpsys","window"]
[AndroidDriver] Screen already unlocked, doing nothing
[debug] [AndroidDriver] Extracting strings from apk null null /var/folders/jp/cwnfmr9d4bq4vc5mzryt7_fc0000gn/T/ee.taltech.android
[debug] [ADB] Extracting strings for language: default
[debug] [ADB] Device API level: 26
[debug] [ADB] Getting connected devices...
[debug] [ADB] 1 device(s) connected
[debug] [ADB] Running '/Users/kahyalar/Library/Android/sdk/platform-tools/adb' with args: ["-P",5037,"-s","192.168.58.101:5555","shell","getprop","persist.sys.locale"]
[debug] [ADB] Current device property 'persist.sys.locale': 
[debug] [ADB] Getting connected devices...
[debug] [ADB] 1 device(s) connected
[debug] [ADB] Running '/Users/kahyalar/Library/Android/sdk/platform-tools/adb' with args: ["-P",5037,"-s","192.168.58.101:5555","shell","getprop","ro.product.locale"]
[debug] [ADB] Current device property 'ro.product.locale': en-US
[debug] [ADB] No strings.xml for language 'en', getting default strings.xml
[debug] [ADB] Getting connected devices...
[debug] [ADB] 1 device(s) connected
[debug] [ADB] Running '/Users/kahyalar/Library/Android/sdk/platform-tools/adb' with args: ["-P",5037,"-s","192.168.58.101:5555","shell","rm","-rf","/data/local/tmp/strings.json"]
[debug] [UiAutomator2] No app capability. Assuming it is already on the device
[debug] [AndroidDriver] Running fast reset (stop and clear)
[debug] [ADB] Getting connected devices...
[debug] [ADB] 1 device(s) connected
[debug] [ADB] Running '/Users/kahyalar/Library/Android/sdk/platform-tools/adb' with args: ["-P",5037,"-s","192.168.58.101:5555","shell","am","force-stop","ee.taltech.android"]
[debug] [ADB] Getting connected devices...
[debug] [ADB] 1 device(s) connected
[debug] [ADB] Running '/Users/kahyalar/Library/Android/sdk/platform-tools/adb' with args: ["-P",5037,"-s","192.168.58.101:5555","shell","pm","clear","ee.taltech.android"]
[debug] [ADB] APK doesn't exist. null
[debug] [ADB] Getting connected devices...
[debug] [ADB] 1 device(s) connected
[debug] [ADB] Running '/Users/kahyalar/Library/Android/sdk/platform-tools/adb' with args: ["-P",5037,"-s","192.168.58.101:5555","shell","am","force-stop","io.appium.uiautomator2.server"]
[UiAutomator2] Starting uiautomator2 server v0.1.8
[UiAutomator2] Running command: 'adb -s 192.168.58.101:5555 shell am instrument -w io.appium.uiautomator2.server.test/android.support.test.runner.AndroidJUnitRunner'
[UiAutomator2] Waiting up to 20000ms for UiAutomator2 to be online...
[debug] [JSONWP Proxy] Proxying [GET /status] to [GET http://localhost:8200/wd/hub/status] with no body
[debug] [JSONWP Proxy] Proxying [GET /status] to [GET http://localhost:8200/wd/hub/status] with no body
[debug] [JSONWP Proxy] Proxying [GET /status] to [GET http://localhost:8200/wd/hub/status] with no body
[debug] [JSONWP Proxy] Got response with status 200: "{\"sessionId\":\"SESSIONID\",\"status\":0,\"value\":\"Status Invoked\"}"
[debug] [JSONWP Proxy] Proxying [POST /session] to [POST http://localhost:8200/wd/hub/session] with body: {"desiredCapabilities":{"platform":"ANDROID","webStorageEnabled":false,"takesScreenshot":true,"javascriptEnabled":true,"databaseEnabled":false,"networkConnectionEnabled":true,"locationContextEnabled":false,"warnings":{},"desired":{"appPackage":"ee.taltech.android","appActivity":"ee.taltech.android.activities.StartActivity_","platformVersion":"8.0","automationName":"UiAutomator2","udid":"192.168.58.101:5555","platformName":"Android","deviceName":"device","platform":"ANDROID"},"appPackage":"ee.taltech.android","appActivity":"ee.taltech.android.activities.StartActivity_","platformVersion":"8.0.0","automationName":"UiAutomator2","udid":"192.168.58.101:5555","platformName":"Android","deviceName":"192.168.58.101:5555","deviceUDID":"192.168.58.101:5555","deviceScreenSize":"1440x2880","deviceModel":"Google Pixel 2 XL - 8.0 - API 26 - 1440x2880","deviceManufacturer":"Genymotion"}}
[debug] [JSONWP Proxy] Got response with status 200: {"sessionId":"a9af2e1c-e226-478b-a776-ed8cbad482c8","status":0,"value":"Created Session"}
[UiAutomator2] UiAutomator2 did not start the activity we were waiting for, 'ee.taltech.android/ee.taltech.android.activities.StartActivity_'. Starting it ourselves
[debug] [ADB] Device API level: 26
[debug] [ADB] Getting connected devices...
[debug] [ADB] 1 device(s) connected
[debug] [ADB] Running '/Users/kahyalar/Library/Android/sdk/platform-tools/adb' with args: ["-P",5037,"-s","192.168.58.101:5555","shell","am","start","-W","-n","ee.taltech.android/ee.taltech.android.activities.StartActivity_","-S","-a","android.intent.action.MAIN","-c","android.intent.category.LAUNCHER","-f","0x10200000"]
[Appium] New AndroidUiautomator2Driver session created successfully, session b49e7a73-1ad5-4046-92a5-cabad692097e added to master session list
[debug] [BaseDriver] Event 'newSessionStarted' logged at 1538648461966 (13:21:01 GMT+0300 (+03))
[debug] [MJSONWP] Responding to client with driver.createSession() result: {"appPackage":"ee.taltech.android","appActivity":"ee.taltech.android.activities.StartActivity_","platformVersion":"8.0","automationName":"UiAutomator2","udid":"192.168.58.101:5555","platformName":"Android","deviceName":"device","platform":"ANDROID"}
[HTTP] <-- POST /wd/hub/session 200 14504 ms - 321 
[HTTP] --> POST /wd/hub/session/b49e7a73-1ad5-4046-92a5-cabad692097e/elements {"using":"id","value":"ee.taltech.android:id/roleSelectGuest"}
[debug] [MJSONWP] Calling AppiumDriver.findElements() with args: ["id","ee.taltech.android:id/roleSelectGuest","b49e7a73-1ad5-4046-92a5-cabad692097e"]
[debug] [BaseDriver] Valid locator strategies for this request: xpath, id, class name, accessibility id, -android uiautomator
[debug] [BaseDriver] Valid locator strategies for this request: xpath, id, class name, accessibility id, -android uiautomator
[debug] [BaseDriver] Waiting up to 0 ms for condition
[debug] [JSONWP Proxy] Proxying [POST /elements] to [POST http://localhost:8200/wd/hub/session/a9af2e1c-e226-478b-a776-ed8cbad482c8/elements] with body: {"strategy":"id","selector":"ee.taltech.android:id/roleSelectGuest","context":"","multiple":true}
[debug] [JSONWP Proxy] Got response with status 200: {"sessionId":"a9af2e1c-e226-478b-a776-ed8cbad482c8","status":0,"value":[{"ELEMENT":"da1dac09-72f9-44b2-82f6-588ff3ec70e7"}]}
[debug] [MJSONWP] Responding to client with driver.findElements() result: [{"ELEMENT":"da1dac09-72f9-44b2-82f6-588ff3ec70e7"}]
[HTTP] <-- POST /wd/hub/session/b49e7a73-1ad5-4046-92a5-cabad692097e/elements 200 1393 ms - 124 
Item found!
[HTTP] --> POST /wd/hub/session/b49e7a73-1ad5-4046-92a5-cabad692097e/element {"using":"id","value":"ee.taltech.android:id/roleSelectLocal"}
[debug] [MJSONWP] Calling AppiumDriver.findElement() with args: ["id","ee.taltech.android:id/roleSelectLocal","b49e7a73-1ad5-4046-92a5-cabad692097e"]
[debug] [BaseDriver] Valid locator strategies for this request: xpath, id, class name, accessibility id, -android uiautomator
[debug] [BaseDriver] Valid locator strategies for this request: xpath, id, class name, accessibility id, -android uiautomator
[debug] [BaseDriver] Waiting up to 0 ms for condition
[debug] [JSONWP Proxy] Proxying [POST /element] to [POST http://localhost:8200/wd/hub/session/a9af2e1c-e226-478b-a776-ed8cbad482c8/element] with body: {"strategy":"id","selector":"ee.taltech.android:id/roleSelectLocal","context":"","multiple":false}
[debug] [JSONWP Proxy] Got response with status 200: {"sessionId":"a9af2e1c-e226-478b-a776-ed8cbad482c8","status":0,"value":{"ELEMENT":"7579b23e-26b7-445f-9342-cc14482e67d7"}}
[debug] [MJSONWP] Responding to client with driver.findElement() result: {"ELEMENT":"7579b23e-26b7-445f-9342-cc14482e67d7"}
[HTTP] <-- POST /wd/hub/session/b49e7a73-1ad5-4046-92a5-cabad692097e/element 200 38 ms - 122 
[HTTP] --> GET /wd/hub/session/b49e7a73-1ad5-4046-92a5-cabad692097e/element/7579b23e-26b7-445f-9342-cc14482e67d7/displayed {}
[debug] [MJSONWP] Calling AppiumDriver.elementDisplayed() with args: ["7579b23e-26b7-445f-9342-cc14482e67d7","b49e7a73-1ad5-4046-92a5-cabad692097e"]
[debug] [JSONWP Proxy] Proxying [GET /element/7579b23e-26b7-445f-9342-cc14482e67d7/attribute/displayed] to [GET http://localhost:8200/wd/hub/session/a9af2e1c-e226-478b-a776-ed8cbad482c8/element/7579b23e-26b7-445f-9342-cc14482e67d7/attribute/displayed] with body: {}
[debug] [JSONWP Proxy] Got response with status 200: "{\"sessionId\":\"a9af2e1c-e226-478b-a776-ed8cbad482c8\",\"status\":0,\"value\":\"true\"}"
[debug] [MJSONWP] Responding to client with driver.elementDisplayed() result: true
[HTTP] <-- GET /wd/hub/session/b49e7a73-1ad5-4046-92a5-cabad692097e/element/7579b23e-26b7-445f-9342-cc14482e67d7/displayed 200 35 ms - 76 
[HTTP] --> GET /wd/hub/session/b49e7a73-1ad5-4046-92a5-cabad692097e/element/7579b23e-26b7-445f-9342-cc14482e67d7/enabled {}
[debug] [MJSONWP] Calling AppiumDriver.elementEnabled() with args: ["7579b23e-26b7-445f-9342-cc14482e67d7","b49e7a73-1ad5-4046-92a5-cabad692097e"]
[debug] [JSONWP Proxy] Proxying [GET /element/7579b23e-26b7-445f-9342-cc14482e67d7/attribute/enabled] to [GET http://localhost:8200/wd/hub/session/a9af2e1c-e226-478b-a776-ed8cbad482c8/element/7579b23e-26b7-445f-9342-cc14482e67d7/attribute/enabled] with body: {}
[debug] [JSONWP Proxy] Got response with status 200: "{\"sessionId\":\"a9af2e1c-e226-478b-a776-ed8cbad482c8\",\"status\":0,\"value\":\"true\"}"
[debug] [MJSONWP] Responding to client with driver.elementEnabled() result: true
[HTTP] <-- GET /wd/hub/session/b49e7a73-1ad5-4046-92a5-cabad692097e/element/7579b23e-26b7-445f-9342-cc14482e67d7/enabled 200 29 ms - 76 
[HTTP] --> POST /wd/hub/session/b49e7a73-1ad5-4046-92a5-cabad692097e/element {"using":"id","value":"ee.taltech.android:id/roleSelectLocal"}
[debug] [MJSONWP] Calling AppiumDriver.findElement() with args: ["id","ee.taltech.android:id/roleSelectLocal","b49e7a73-1ad5-4046-92a5-cabad692097e"]
[debug] [BaseDriver] Valid locator strategies for this request: xpath, id, class name, accessibility id, -android uiautomator
[debug] [BaseDriver] Valid locator strategies for this request: xpath, id, class name, accessibility id, -android uiautomator
[debug] [BaseDriver] Waiting up to 0 ms for condition
[debug] [JSONWP Proxy] Proxying [POST /element] to [POST http://localhost:8200/wd/hub/session/a9af2e1c-e226-478b-a776-ed8cbad482c8/element] with body: {"strategy":"id","selector":"ee.taltech.android:id/roleSelectLocal","context":"","multiple":false}
[debug] [JSONWP Proxy] Got response with status 200: {"sessionId":"a9af2e1c-e226-478b-a776-ed8cbad482c8","status":0,"value":{"ELEMENT":"287ca655-a955-48a0-a53a-00c34358093e"}}
[debug] [MJSONWP] Responding to client with driver.findElement() result: {"ELEMENT":"287ca655-a955-48a0-a53a-00c34358093e"}
[HTTP] <-- POST /wd/hub/session/b49e7a73-1ad5-4046-92a5-cabad692097e/element 200 31 ms - 122 
[HTTP] --> GET /wd/hub/session/b49e7a73-1ad5-4046-92a5-cabad692097e/element/287ca655-a955-48a0-a53a-00c34358093e/displayed {}
[debug] [MJSONWP] Calling AppiumDriver.elementDisplayed() with args: ["287ca655-a955-48a0-a53a-00c34358093e","b49e7a73-1ad5-4046-92a5-cabad692097e"]
[debug] [JSONWP Proxy] Proxying [GET /element/287ca655-a955-48a0-a53a-00c34358093e/attribute/displayed] to [GET http://localhost:8200/wd/hub/session/a9af2e1c-e226-478b-a776-ed8cbad482c8/element/287ca655-a955-48a0-a53a-00c34358093e/attribute/displayed] with body: {}
[debug] [JSONWP Proxy] Got response with status 200: "{\"sessionId\":\"a9af2e1c-e226-478b-a776-ed8cbad482c8\",\"status\":0,\"value\":\"true\"}"
[debug] [MJSONWP] Responding to client with driver.elementDisplayed() result: true
[HTTP] <-- GET /wd/hub/session/b49e7a73-1ad5-4046-92a5-cabad692097e/element/287ca655-a955-48a0-a53a-00c34358093e/displayed 200 26 ms - 76 
[HTTP] --> POST /wd/hub/session/b49e7a73-1ad5-4046-92a5-cabad692097e/element {"using":"id","value":"ee.taltech.android:id/roleSelectLocal"}
[debug] [MJSONWP] Calling AppiumDriver.findElement() with args: ["id","ee.taltech.android:id/roleSelectLocal","b49e7a73-1ad5-4046-92a5-cabad692097e"]
[debug] [BaseDriver] Valid locator strategies for this request: xpath, id, class name, accessibility id, -android uiautomator
[debug] [BaseDriver] Valid locator strategies for this request: xpath, id, class name, accessibility id, -android uiautomator
[debug] [BaseDriver] Waiting up to 0 ms for condition
[debug] [JSONWP Proxy] Proxying [POST /element] to [POST http://localhost:8200/wd/hub/session/a9af2e1c-e226-478b-a776-ed8cbad482c8/element] with body: {"strategy":"id","selector":"ee.taltech.android:id/roleSelectLocal","context":"","multiple":false}
[debug] [JSONWP Proxy] Got response with status 200: {"sessionId":"a9af2e1c-e226-478b-a776-ed8cbad482c8","status":0,"value":{"ELEMENT":"28db864f-5480-49ed-8ea5-0e179e99b3f3"}}
[debug] [MJSONWP] Responding to client with driver.findElement() result: {"ELEMENT":"28db864f-5480-49ed-8ea5-0e179e99b3f3"}
[HTTP] <-- POST /wd/hub/session/b49e7a73-1ad5-4046-92a5-cabad692097e/element 200 29 ms - 122 
[HTTP] --> POST /wd/hub/session/b49e7a73-1ad5-4046-92a5-cabad692097e/element/28db864f-5480-49ed-8ea5-0e179e99b3f3/click {"id":"28db864f-5480-49ed-8ea5-0e179e99b3f3"}
[debug] [MJSONWP] Calling AppiumDriver.click() with args: ["28db864f-5480-49ed-8ea5-0e179e99b3f3","b49e7a73-1ad5-4046-92a5-cabad692097e"]
[debug] [JSONWP Proxy] Proxying [POST /element/28db864f-5480-49ed-8ea5-0e179e99b3f3/click] to [POST http://localhost:8200/wd/hub/session/a9af2e1c-e226-478b-a776-ed8cbad482c8/element/28db864f-5480-49ed-8ea5-0e179e99b3f3/click] with body: {"element":"28db864f-5480-49ed-8ea5-0e179e99b3f3"}
[debug] [JSONWP Proxy] Got response with status 200: {"sessionId":"a9af2e1c-e226-478b-a776-ed8cbad482c8","status":0,"value":true}
[debug] [MJSONWP] Responding to client with driver.click() result: true
[HTTP] <-- POST /wd/hub/session/b49e7a73-1ad5-4046-92a5-cabad692097e/element/28db864f-5480-49ed-8ea5-0e179e99b3f3/click 200 37 ms - 76 
[HTTP] --> POST /wd/hub/session/b49e7a73-1ad5-4046-92a5-cabad692097e/elements {"using":"xpath","value":"//*[@text=\"December 2018\"]"}
[debug] [MJSONWP] Calling AppiumDriver.findElements() with args: ["xpath","//*[@text=\"December 2018\"]","b49e7a73-1ad5-4046-92a5-cabad692097e"]
[debug] [BaseDriver] Valid locator strategies for this request: xpath, id, class name, accessibility id, -android uiautomator
[debug] [BaseDriver] Valid locator strategies for this request: xpath, id, class name, accessibility id, -android uiautomator
[debug] [BaseDriver] Waiting up to 0 ms for condition
[debug] [JSONWP Proxy] Proxying [POST /elements] to [POST http://localhost:8200/wd/hub/session/a9af2e1c-e226-478b-a776-ed8cbad482c8/elements] with body: {"strategy":"xpath","selector":"//*[@text=\"December 2018\"]","context":"","multiple":true}
[debug] [JSONWP Proxy] Got response with status 200: {"sessionId":"a9af2e1c-e226-478b-a776-ed8cbad482c8","status":0,"value":[]}
[debug] [MJSONWP] Responding to client with driver.findElements() result: []
[HTTP] <-- Item not found!
POST /wd/hub/session/b49e7a73-1ad5-4046-92a5-cabad692097e/elements 200 491 ms - 74 
[HTTP] --> POST /wd/hub/session/b49e7a73-1ad5-4046-92a5-cabad692097e/elements {"using":"xpath","value":"//*[@text=\"12/23/18\"]"}
[debug] [MJSONWP] Calling AppiumDriver.findElements() with args: ["xpath","//*[@text=\"12/23/18\"]","b49e7a73-1ad5-4046-92a5-cabad692097e"]
[debug] [BaseDriver] Valid locator strategies for this request: xpath, id, class name, accessibility id, -android uiautomator
[debug] [BaseDriver] Valid locator strategies for this request: xpath, id, class name, accessibility id, -android uiautomator
[debug] [BaseDriver] Waiting up to 0 ms for condition
[debug] [JSONWP Proxy] Proxying [POST /elements] to [POST http://localhost:8200/wd/hub/session/a9af2e1c-e226-478b-a776-ed8cbad482c8/elements] with body: {"strategy":"xpath","selector":"//*[@text=\"12/23/18\"]","context":"","multiple":true}
[debug] [JSONWP Proxy] Got response with status 200: {"sessionId":"a9af2e1c-e226-478b-a776-ed8cbad482c8","status":0,"value":[]}
[debug] [MJSONWP] Responding to client with driver.findElements() result: []
[HTTP] <-- POST /wd/hub/session/b49e7a73-1ad5-4046-92a5-cabad692097e/elements 200 905 ms - 74 
Item not found!
[HTTP] --> POST /wd/hub/session/b49e7a73-1ad5-4046-92a5-cabad692097e/element {"using":"id","value":"ee.taltech.android:id/calendarView"}
[debug] [MJSONWP] Calling AppiumDriver.findElement() with args: ["id","ee.taltech.android:id/calendarView","b49e7a73-1ad5-4046-92a5-cabad692097e"]
[debug] [BaseDriver] Valid locator strategies for this request: xpath, id, class name, accessibility id, -android uiautomator
[debug] [BaseDriver] Valid locator strategies for this request: xpath, id, class name, accessibility id, -android uiautomator
[debug] [BaseDriver] Waiting up to 0 ms for condition
[debug] [JSONWP Proxy] Proxying [POST /element] to [POST http://localhost:8200/wd/hub/session/a9af2e1c-e226-478b-a776-ed8cbad482c8/element] with body: {"strategy":"id","selector":"ee.taltech.android:id/calendarView","context":"","multiple":false}
[debug] [JSONWP Proxy] Got response with status 200: {"sessionId":"a9af2e1c-e226-478b-a776-ed8cbad482c8","status":0,"value":{"ELEMENT":"85d09f46-158a-4e89-8a4b-0efb1f1329bf"}}
[debug] [MJSONWP] Responding to client with driver.findElement() result: {"ELEMENT":"85d09f46-158a-4e89-8a4b-0efb1f1329bf"}
[HTTP] <-- POST /wd/hub/session/b49e7a73-1ad5-4046-92a5-cabad692097e/element 200 972 ms - 122 
[HTTP] --> GET /wd/hub/session/b49e7a73-1ad5-4046-92a5-cabad692097e/element/85d09f46-158a-4e89-8a4b-0efb1f1329bf/displayed {}
[debug] [MJSONWP] Calling AppiumDriver.elementDisplayed() with args: ["85d09f46-158a-4e89-8a4b-0efb1f1329bf","b49e7a73-1ad5-4046-92a5-cabad692097e"]
[debug] [JSONWP Proxy] Proxying [GET /element/85d09f46-158a-4e89-8a4b-0efb1f1329bf/attribute/displayed] to [GET http://localhost:8200/wd/hub/session/a9af2e1c-e226-478b-a776-ed8cbad482c8/element/85d09f46-158a-4e89-8a4b-0efb1f1329bf/attribute/displayed] with body: {}
[debug] [JSONWP Proxy] Got response with status 200: "{\"sessionId\":\"a9af2e1c-e226-478b-a776-ed8cbad482c8\",\"status\":0,\"value\":\"true\"}"
[debug] [MJSONWP] Responding to client with driver.elementDisplayed() result: true
[HTTP] <-- GET /wd/hub/session/b49e7a73-1ad5-4046-92a5-cabad692097e/element/85d09f46-158a-4e89-8a4b-0efb1f1329bf/displayed 200 66 ms - 76 
[HTTP] --> POST /wd/hub/session/b49e7a73-1ad5-4046-92a5-cabad692097e/element {"using":"id","value":"ee.taltech.android:id/calendarView"}
[debug] [MJSONWP] Calling AppiumDriver.findElement() with args: ["id","ee.taltech.android:id/calendarView","b49e7a73-1ad5-4046-92a5-cabad692097e"]
[debug] [BaseDriver] Valid locator strategies for this request: xpath, id, class name, accessibility id, -android uiautomator
[debug] [BaseDriver] Valid locator strategies for this request: xpath, id, class name, accessibility id, -android uiautomator
[debug] [BaseDriver] Waiting up to 0 ms for condition
[debug] [JSONWP Proxy] Proxying [POST /element] to [POST http://localhost:8200/wd/hub/session/a9af2e1c-e226-478b-a776-ed8cbad482c8/element] with body: {"strategy":"id","selector":"ee.taltech.android:id/calendarView","context":"","multiple":false}
[debug] [JSONWP Proxy] Got response with status 200: {"sessionId":"a9af2e1c-e226-478b-a776-ed8cbad482c8","status":0,"value":{"ELEMENT":"43ab10d4-48ba-41db-b4fa-60f3fa3540bb"}}
[debug] [MJSONWP] Responding to client with driver.findElement() result: {"ELEMENT":"43ab10d4-48ba-41db-b4fa-60f3fa3540bb"}
[HTTP] <-- POST /wd/hub/session/b49e7a73-1ad5-4046-92a5-cabad692097e/element 200 95 ms - 122 
[HTTP] --> POST /wd/hub/session/b49e7a73-1ad5-4046-92a5-cabad692097e/element/43ab10d4-48ba-41db-b4fa-60f3fa3540bb/elements {"id":"43ab10d4-48ba-41db-b4fa-60f3fa3540bb","using":"class name","value":"android.widget.ImageView"}
[debug] [MJSONWP] Calling AppiumDriver.findElementsFromElement() with args: ["class name","android.widget.ImageView","43ab10d4-48ba-41db-b4fa-60f3fa3540bb","b49e7a73-1ad5-4046-92a5-cabad692097e"]
[debug] [BaseDriver] Valid locator strategies for this request: xpath, id, class name, accessibility id, -android uiautomator
[debug] [BaseDriver] Valid locator strategies for this request: xpath, id, class name, accessibility id, -android uiautomator
[debug] [BaseDriver] Waiting up to 0 ms for condition
[debug] [JSONWP Proxy] Proxying [POST /elements] to [POST http://localhost:8200/wd/hub/session/a9af2e1c-e226-478b-a776-ed8cbad482c8/elements] with body: {"strategy":"class name","selector":"android.widget.ImageView","context":"43ab10d4-48ba-41db-b4fa-60f3fa3540bb","multiple":true}
[debug] [JSONWP Proxy] Got response with status 200: {"sessionId":"a9af2e1c-e226-478b-a776-ed8cbad482c8","status":0,"value":[{"ELEMENT":"ac9d2cea-1ad3-4ee4-9ef1-eef946bc22ff"},{"ELEMENT":"d14ca4a2-d0cd-4d7d-9ef6-fc0e6a68f566"}]}
[debug] [MJSONWP] Responding to client with driver.findElementsFromElement() result: [{"ELEMENT":"ac9d2cea-1ad3-4ee4-9ef1-eef946bc22ff"},{"ELEMENT":"d14ca4a2-d0cd-4d7d-9ef6-fc0e6a68f566"}]
[HTTP] <-- POST /wd/hub/session/b49e7a73-1ad5-4046-92a5-cabad692097e/element/43ab10d4-48ba-41db-b4fa-60f3fa3540bb/elements 200 142 ms - 175 
[HTTP] --> POST /wd/hub/session/b49e7a73-1ad5-4046-92a5-cabad692097e/element/d14ca4a2-d0cd-4d7d-9ef6-fc0e6a68f566/click {"id":"d14ca4a2-d0cd-4d7d-9ef6-fc0e6a68f566"}
[debug] [MJSONWP] Calling AppiumDriver.click() with args: ["d14ca4a2-d0cd-4d7d-9ef6-fc0e6a68f566","b49e7a73-1ad5-4046-92a5-cabad692097e"]
[debug] [JSONWP Proxy] Proxying [POST /element/d14ca4a2-d0cd-4d7d-9ef6-fc0e6a68f566/click] to [POST http://localhost:8200/wd/hub/session/a9af2e1c-e226-478b-a776-ed8cbad482c8/element/d14ca4a2-d0cd-4d7d-9ef6-fc0e6a68f566/click] with body: {"element":"d14ca4a2-d0cd-4d7d-9ef6-fc0e6a68f566"}
[debug] [JSONWP Proxy] Got response with status 200: {"sessionId":"a9af2e1c-e226-478b-a776-ed8cbad482c8","status":0,"value":true}
[debug] [MJSONWP] Responding to client with driver.click() result: true
[HTTP] <-- POST /wd/hub/session/b49e7a73-1ad5-4046-92a5-cabad692097e/element/d14ca4a2-d0cd-4d7d-9ef6-fc0e6a68f566/click 200 122 ms - 76 
[HTTP] --> POST /wd/hub/session/b49e7a73-1ad5-4046-92a5-cabad692097e/element/d14ca4a2-d0cd-4d7d-9ef6-fc0e6a68f566/click {"id":"d14ca4a2-d0cd-4d7d-9ef6-fc0e6a68f566"}
[debug] [MJSONWP] Calling AppiumDriver.click() with args: ["d14ca4a2-d0cd-4d7d-9ef6-fc0e6a68f566","b49e7a73-1ad5-4046-92a5-cabad692097e"]
[debug] [JSONWP Proxy] Proxying [POST /element/d14ca4a2-d0cd-4d7d-9ef6-fc0e6a68f566/click] to [POST http://localhost:8200/wd/hub/session/a9af2e1c-e226-478b-a776-ed8cbad482c8/element/d14ca4a2-d0cd-4d7d-9ef6-fc0e6a68f566/click] with body: {"element":"d14ca4a2-d0cd-4d7d-9ef6-fc0e6a68f566"}
[debug] [JSONWP Proxy] Got response with status 200: {"sessionId":"a9af2e1c-e226-478b-a776-ed8cbad482c8","status":0,"value":true}
[debug] [MJSONWP] Responding to client with driver.click() result: true
[HTTP] <-- POST /wd/hub/session/b49e7a73-1ad5-4046-92a5-cabad692097e/element/d14ca4a2-d0cd-4d7d-9ef6-fc0e6a68f566/click 200 2438 ms - 76 
[HTTP] --> POST /wd/hub/session/b49e7a73-1ad5-4046-92a5-cabad692097e/elements {"using":"xpath","value":"//*[@text=\"December 2018\"]"}
[debug] [MJSONWP] Calling AppiumDriver.findElements() with args: ["xpath","//*[@text=\"December 2018\"]","b49e7a73-1ad5-4046-92a5-cabad692097e"]
[debug] [BaseDriver] Valid locator strategies for this request: xpath, id, class name, accessibility id, -android uiautomator
[debug] [BaseDriver] Valid locator strategies for this request: xpath, id, class name, accessibility id, -android uiautomator
[debug] [BaseDriver] Waiting up to 0 ms for condition
[debug] [JSONWP Proxy] Proxying [POST /elements] to [POST http://localhost:8200/wd/hub/session/a9af2e1c-e226-478b-a776-ed8cbad482c8/elements] with body: {"strategy":"xpath","selector":"//*[@text=\"December 2018\"]","context":"","multiple":true}
[debug] [JSONWP Proxy] Got response with status 200: {"sessionId":"a9af2e1c-e226-478b-a776-ed8cbad482c8","status":0,"value":[{"ELEMENT":"83a18c62-ea9c-49f7-a843-43b092617f6d"}]}
[debug] [MJSONWP] Responding to client with driver.findElements() result: [{"ELEMENT":"83a18c62-ea9c-49f7-a843-43b092617f6d"}]
[HTTP] <-- POST /wd/hub/session/b49e7a73-1ad5-4046-92a5-cabad692097e/elements 200 195 ms - 124 
Item found!
[HTTP] --> POST /wd/hub/session/b49e7a73-1ad5-4046-92a5-cabad692097e/element {"using":"xpath","value":"//*[@text=\"23\"]"}
[debug] [MJSONWP] Calling AppiumDriver.findElement() with args: ["xpath","//*[@text=\"23\"]","b49e7a73-1ad5-4046-92a5-cabad692097e"]
[debug] [BaseDriver] Valid locator strategies for this request: xpath, id, class name, accessibility id, -android uiautomator
[debug] [BaseDriver] Valid locator strategies for this request: xpath, id, class name, accessibility id, -android uiautomator
[debug] [BaseDriver] Waiting up to 0 ms for condition
[debug] [JSONWP Proxy] Proxying [POST /element] to [POST http://localhost:8200/wd/hub/session/a9af2e1c-e226-478b-a776-ed8cbad482c8/element] with body: {"strategy":"xpath","selector":"//*[@text=\"23\"]","context":"","multiple":false}
[debug] [JSONWP Proxy] Got response with status 200: {"sessionId":"a9af2e1c-e226-478b-a776-ed8cbad482c8","status":0,"value":{"ELEMENT":"b3198cea-c417-423b-8c3e-5e320d17dd70"}}
[debug] [MJSONWP] Responding to client with driver.findElement() result: {"ELEMENT":"b3198cea-c417-423b-8c3e-5e320d17dd70"}
[HTTP] <-- POST /wd/hub/session/b49e7a73-1ad5-4046-92a5-cabad692097e/element 200 74 ms - 122 
[HTTP] --> GET /wd/hub/session/b49e7a73-1ad5-4046-92a5-cabad692097e/element/b3198cea-c417-423b-8c3e-5e320d17dd70/displayed {}
[debug] [MJSONWP] Calling AppiumDriver.elementDisplayed() with args: ["b3198cea-c417-423b-8c3e-5e320d17dd70","b49e7a73-1ad5-4046-92a5-cabad692097e"]
[debug] [JSONWP Proxy] Proxying [GET /element/b3198cea-c417-423b-8c3e-5e320d17dd70/attribute/displayed] to [GET http://localhost:8200/wd/hub/session/a9af2e1c-e226-478b-a776-ed8cbad482c8/element/b3198cea-c417-423b-8c3e-5e320d17dd70/attribute/displayed] with body: {}
[debug] [JSONWP Proxy] Got response with status 200: "{\"sessionId\":\"a9af2e1c-e226-478b-a776-ed8cbad482c8\",\"status\":0,\"value\":\"true\"}"
[debug] [MJSONWP] Responding to client with driver.elementDisplayed() result: true
[HTTP] <-- GET /wd/hub/session/b49e7a73-1ad5-4046-92a5-cabad692097e/element/b3198cea-c417-423b-8c3e-5e320d17dd70/displayed 200 19 ms - 76 
[HTTP] --> POST /wd/hub/session/b49e7a73-1ad5-4046-92a5-cabad692097e/element {"using":"xpath","value":"//*[@text=\"23\"]"}
[debug] [MJSONWP] Calling AppiumDriver.findElement() with args: ["xpath","//*[@text=\"23\"]","b49e7a73-1ad5-4046-92a5-cabad692097e"]
[debug] [BaseDriver] Valid locator strategies for this request: xpath, id, class name, accessibility id, -android uiautomator
[debug] [BaseDriver] Valid locator strategies for this request: xpath, id, class name, accessibility id, -android uiautomator
[debug] [BaseDriver] Waiting up to 0 ms for condition
[debug] [JSONWP Proxy] Proxying [POST /element] to [POST http://localhost:8200/wd/hub/session/a9af2e1c-e226-478b-a776-ed8cbad482c8/element] with body: {"strategy":"xpath","selector":"//*[@text=\"23\"]","context":"","multiple":false}
[debug] [JSONWP Proxy] Got response with status 200: {"sessionId":"a9af2e1c-e226-478b-a776-ed8cbad482c8","status":0,"value":{"ELEMENT":"1ebe085f-0849-4220-8254-2e9464e4733c"}}
[debug] [MJSONWP] Responding to client with driver.findElement() result: {"ELEMENT":"1ebe085f-0849-4220-8254-2e9464e4733c"}
[HTTP] <-- POST /wd/hub/session/b49e7a73-1ad5-4046-92a5-cabad692097e/element 200 87 ms - 122 
[HTTP] --> GET /wd/hub/session/b49e7a73-1ad5-4046-92a5-cabad692097e/element/1ebe085f-0849-4220-8254-2e9464e4733c/attribute/checked {}
[debug] [MJSONWP] Calling AppiumDriver.getAttribute() with args: ["checked","1ebe085f-0849-4220-8254-2e9464e4733c","b49e7a73-1ad5-4046-92a5-cabad692097e"]
[debug] [JSONWP Proxy] Proxying [GET /element/1ebe085f-0849-4220-8254-2e9464e4733c/attribute/checked] to [GET http://localhost:8200/wd/hub/session/a9af2e1c-e226-478b-a776-ed8cbad482c8/element/1ebe085f-0849-4220-8254-2e9464e4733c/attribute/checked] with body: {}
[debug] [JSONWP Proxy] Got response with status 200: "{\"sessionId\":\"a9af2e1c-e226-478b-a776-ed8cbad482c8\",\"status\":0,\"value\":\"false\"}"
[debug] [MJSONWP] Responding to client with driver.getAttribute() result: "false"
[HTTP] <-- GET /wd/hub/session/b49e7a73-1ad5-4046-92a5-cabad692097e/element/1ebe085f-0849-4220-8254-2e9464e4733c/attribute/checked 200 23 ms - 79 
[HTTP] --> POST /wd/hub/session/b49e7a73-1ad5-4046-92a5-cabad692097e/appium/app/close {}
[debug] [MJSONWP] Calling AppiumDriver.closeApp() with args: ["b49e7a73-1ad5-4046-92a5-cabad692097e"]
[debug] [ADB] Getting connected devices...
[debug] [ADB] 1 device(s) connected
[debug] [ADB] Running '/Users/kahyalar/Library/Android/sdk/platform-tools/adb' with args: ["-P",5037,"-s","192.168.58.101:5555","shell","am","force-stop","ee.taltech.android"]
[debug] [MJSONWP] Responding to client with driver.closeApp() result: null
[HTTP] <-- POST /wd/hub/session/b49e7a73-1ad5-4046-92a5-cabad692097e/appium/app/close 200 142 ms - 76 
[HTTP] --> DELETE /wd/hub/session/b49e7a73-1ad5-4046-92a5-cabad692097e {}
[debug] [MJSONWP] Calling AppiumDriver.deleteSession() with args: ["b49e7a73-1ad5-4046-92a5-cabad692097e"]
[debug] [BaseDriver] Event 'quitSessionRequested' logged at 1538648469654 (13:21:09 GMT+0300 (+03))
[Appium] Removing session b49e7a73-1ad5-4046-92a5-cabad692097e from our master session list
[debug] [UiAutomator2] Deleting UiAutomator2 session
[debug] [UiAutomator2] Deleting UiAutomator2 server session
[debug] [JSONWP Proxy] Proxying [DELETE /] to [DELETE http://localhost:8200/wd/hub/session/a9af2e1c-e226-478b-a776-ed8cbad482c8] with no body
[debug] [JSONWP Proxy] Got response with status 200: "{\"sessionId\":\"a9af2e1c-e226-478b-a776-ed8cbad482c8\",\"status\":0,\"value\":\"Session deleted\"}"
[debug] [ADB] Getting connected devices...
[debug] [ADB] 1 device(s) connected
[debug] [ADB] Running '/Users/kahyalar/Library/Android/sdk/platform-tools/adb' with args: ["-P",5037,"-s","192.168.58.101:5555","shell","am","force-stop","ee.taltech.android"]
[debug] [Logcat] Stopping logcat capture
[debug] [ADB] Removing forwarded port socket connection: 8200 
[debug] [ADB] Running '/Users/kahyalar/Library/Android/sdk/platform-tools/adb' with args: ["-P",5037,"-s","192.168.58.101:5555","forward","--remove","tcp:8200"]
[debug] [BaseDriver] Event 'quitSessionFinished' logged at 1538648469916 (13:21:09 GMT+0300 (+03))
[debug] [MJSONWP] Received response: null
[debug] [MJSONWP] But deleting session, so not returning
[debug] [MJSONWP] Responding to client with driver.deleteSession() result: null
[HTTP] <-- DELETE /wd/hub/session/b49e7a73-1ad5-4046-92a5-cabad692097e 200 266 ms - 76 
]]></system-out>
  </testcase>
  <testcase name="isStudyInfoVisibleAfterRoleChanging" classname="com.kahyalar.fob_solutions.tests.TestCases" time="29.719"/>
  <testcase name="isCheckedItemsStaysCheckedAfterRestart" classname="com.kahyalar.fob_solutions.tests.TestCases" time="28.482"/>
</testsuite>